CRITICAL - 2021-10-12 10:49:21 --> Invalid argument supplied for foreach()
#0 C:\Users\Administrator\Documents\eGateway_py\gui\app\Views\v_home.php(21): CodeIgniter\Debug\Exceptions->errorHandler(2, 'Invalid argumen...', 'C:\\Users\\Admini...', 21, Array)
#1 C:\Users\Administrator\Documents\eGateway_py\gui\vendor\codeigniter4\framework\system\View\View.php(220): include('C:\\Users\\Admini...')
#2 C:\Users\Administrator\Documents\eGateway_py\gui\vendor\codeigniter4\framework\system\View\View.php(222): CodeIgniter\View\View->CodeIgniter\View\{closure}()
#3 C:\Users\Administrator\Documents\eGateway_py\gui\vendor\codeigniter4\framework\system\Common.php(1217): CodeIgniter\View\View->render('v_home', Array, true)
#4 C:\Users\Administrator\Documents\eGateway_py\gui\app\Controllers\Home.php(48): view('v_home')
#5 C:\Users\Administrator\Documents\eGateway_py\gui\vendor\codeigniter4\framework\system\CodeIgniter.php(935): App\Controllers\Home->index('4')
#6 C:\Users\Administrator\Documents\eGateway_py\gui\vendor\codeigniter4\framework\system\CodeIgniter.php(431): CodeIgniter\CodeIgniter->runController(Object(App\Controllers\Home))
#7 C:\Users\Administrator\Documents\eGateway_py\gui\vendor\codeigniter4\framework\system\CodeIgniter.php(332): CodeIgniter\CodeIgniter->handleRequest(NULL, Object(Config\Cache), false)
#8 C:\Users\Administrator\Documents\eGateway_py\gui\public\index.php(45): CodeIgniter\CodeIgniter->run()
#9 C:\Users\Administrator\Documents\eGateway_py\gui\vendor\codeigniter4\framework\system\Commands\Server\rewrite.php(45): require_once('C:\\Users\\Admini...')
#10 {main}
CRITICAL - 2021-10-12 10:49:55 --> Invalid argument supplied for foreach()
#0 C:\Users\Administrator\Documents\eGateway_py\gui\app\Views\v_home.php(21): CodeIgniter\Debug\Exceptions->errorHandler(2, 'Invalid argumen...', 'C:\\Users\\Admini...', 21, Array)
#1 C:\Users\Administrator\Documents\eGateway_py\gui\vendor\codeigniter4\framework\system\View\View.php(220): include('C:\\Users\\Admini...')
#2 C:\Users\Administrator\Documents\eGateway_py\gui\vendor\codeigniter4\framework\system\View\View.php(222): CodeIgniter\View\View->CodeIgniter\View\{closure}()
#3 C:\Users\Administrator\Documents\eGateway_py\gui\vendor\codeigniter4\framework\system\Common.php(1217): CodeIgniter\View\View->render('v_home', Array, true)
#4 C:\Users\Administrator\Documents\eGateway_py\gui\app\Controllers\Home.php(48): view('v_home')
#5 C:\Users\Administrator\Documents\eGateway_py\gui\vendor\codeigniter4\framework\system\CodeIgniter.php(935): App\Controllers\Home->index('4')
#6 C:\Users\Administrator\Documents\eGateway_py\gui\vendor\codeigniter4\framework\system\CodeIgniter.php(431): CodeIgniter\CodeIgniter->runController(Object(App\Controllers\Home))
#7 C:\Users\Administrator\Documents\eGateway_py\gui\vendor\codeigniter4\framework\system\CodeIgniter.php(332): CodeIgniter\CodeIgniter->handleRequest(NULL, Object(Config\Cache), false)
#8 C:\Users\Administrator\Documents\eGateway_py\gui\public\index.php(45): CodeIgniter\CodeIgniter->run()
#9 C:\Users\Administrator\Documents\eGateway_py\gui\vendor\codeigniter4\framework\system\Commands\Server\rewrite.php(45): require_once('C:\\Users\\Admini...')
#10 {main}
CRITICAL - 2021-10-12 10:51:46 --> Invalid argument supplied for foreach()
#0 C:\Users\Administrator\Documents\eGateway_py\gui\app\Controllers\Home.php(80): CodeIgniter\Debug\Exceptions->errorHandler(2, 'Invalid argumen...', 'C:\\Users\\Admini...', 80, Array)
#1 C:\Users\Administrator\Documents\eGateway_py\gui\vendor\codeigniter4\framework\system\CodeIgniter.php(935): App\Controllers\Home->graph('4')
#2 C:\Users\Administrator\Documents\eGateway_py\gui\vendor\codeigniter4\framework\system\CodeIgniter.php(431): CodeIgniter\CodeIgniter->runController(Object(App\Controllers\Home))
#3 C:\Users\Administrator\Documents\eGateway_py\gui\vendor\codeigniter4\framework\system\CodeIgniter.php(332): CodeIgniter\CodeIgniter->handleRequest(NULL, Object(Config\Cache), false)
#4 C:\Users\Administrator\Documents\eGateway_py\gui\public\index.php(45): CodeIgniter\CodeIgniter->run()
#5 C:\Users\Administrator\Documents\eGateway_py\gui\vendor\codeigniter4\framework\system\Commands\Server\rewrite.php(45): require_once('C:\\Users\\Admini...')
#6 {main}
